                             latency        interval
transaction       0:             108             109
transaction       1:             111             112
transaction       2:             111             112
transaction       3:             111             112
transaction       4:             111             112
transaction       5:             111             112
transaction       6:             111             112
transaction       7:             111             112
transaction       8:             111             112
transaction       9:             111             112
transaction      10:             111             112
transaction      11:             111             112
transaction      12:             111             112
transaction      13:             111             112
transaction      14:             111             112
transaction      15:             111             112
transaction      16:             111             112
transaction      17:             111             112
transaction      18:             111             112
transaction      19:             111             112
transaction      20:             111             112
transaction      21:             111             112
transaction      22:             111             112
transaction      23:             111             112
transaction      24:             111             112
transaction      25:             111             112
transaction      26:             111             112
transaction      27:             111             112
transaction      28:             111             112
transaction      29:             111             112
transaction      30:             111             112
transaction      31:             111             112
transaction      32:             111             112
transaction      33:             111             112
transaction      34:             111             112
transaction      35:             111             112
transaction      36:             111             112
transaction      37:             111             112
transaction      38:             111             112
transaction      39:             111             112
transaction      40:             111             112
transaction      41:             111             112
transaction      42:             111             112
transaction      43:             111             112
transaction      44:             111             112
transaction      45:             111             112
transaction      46:             111             112
transaction      47:             111             112
transaction      48:             111             112
transaction      49:             111             112
transaction      50:             111             112
transaction      51:             111             112
transaction      52:             111             112
transaction      53:             111             112
transaction      54:             111             112
transaction      55:             111             112
transaction      56:             111             112
transaction      57:             111             112
transaction      58:             111             112
transaction      59:             111             112
transaction      60:             111             112
transaction      61:             111             112
transaction      62:             111             112
transaction      63:             111             112
transaction      64:             111             112
transaction      65:             111             112
transaction      66:             111             112
transaction      67:             111             112
transaction      68:             111             112
transaction      69:             111             112
transaction      70:             111             112
transaction      71:             111             112
transaction      72:             111             112
transaction      73:             111             112
transaction      74:             111             112
transaction      75:             111             112
transaction      76:             111             112
transaction      77:             111             112
transaction      78:             111             112
transaction      79:             111             112
transaction      80:             111             112
transaction      81:             111             112
transaction      82:             111             112
transaction      83:             111             112
transaction      84:             111             112
transaction      85:             111             112
transaction      86:             111             112
transaction      87:             111             112
transaction      88:             111             112
transaction      89:             111             112
transaction      90:             111             112
transaction      91:             111             112
transaction      92:             111             112
transaction      93:             111             112
transaction      94:             111             112
transaction      95:             111             112
transaction      96:             111             112
transaction      97:             111             112
transaction      98:             111             112
transaction      99:             111             112
transaction     100:             111             112
transaction     101:             111             112
transaction     102:             111             112
transaction     103:             111             112
transaction     104:             111             112
transaction     105:             111             112
transaction     106:             111             112
transaction     107:             111             112
transaction     108:             111             112
transaction     109:             111             112
transaction     110:             111             112
transaction     111:             111             112
transaction     112:             111             112
transaction     113:             111             112
transaction     114:             111             112
transaction     115:             111             112
transaction     116:             111             112
transaction     117:             111             112
transaction     118:             111             112
transaction     119:             111             112
transaction     120:             111             112
transaction     121:             111             112
transaction     122:             111             112
transaction     123:             111             112
transaction     124:             111             112
transaction     125:             111             112
transaction     126:             111             112
transaction     127:             111             112
transaction     128:             111             112
transaction     129:             111             112
transaction     130:             111             112
transaction     131:             111             112
transaction     132:             111             112
transaction     133:             111             112
transaction     134:             111             112
transaction     135:             111             112
transaction     136:             111             112
transaction     137:             111             112
transaction     138:             111             112
transaction     139:             111             112
transaction     140:             111             112
transaction     141:             111             112
transaction     142:             111             112
transaction     143:             111             112
transaction     144:             111             112
transaction     145:             111             112
transaction     146:             111             112
transaction     147:             111             112
transaction     148:             111             112
transaction     149:             111             112
transaction     150:             111             112
transaction     151:             111             112
transaction     152:             111             112
transaction     153:             111             112
transaction     154:             111             112
transaction     155:             111             112
transaction     156:             111             112
transaction     157:             111             112
transaction     158:             111             112
transaction     159:             111             112
transaction     160:             111             112
transaction     161:             111             112
transaction     162:             111             112
transaction     163:             111             112
transaction     164:             111             112
transaction     165:             111             112
transaction     166:             111             112
transaction     167:             111             112
transaction     168:             111             112
transaction     169:             111             112
transaction     170:             111             112
transaction     171:             111             112
transaction     172:             111             112
transaction     173:             111             112
transaction     174:             111             112
transaction     175:             111             112
transaction     176:             111             112
transaction     177:             111             112
transaction     178:             111             112
transaction     179:             111             112
transaction     180:             111             112
transaction     181:             111             112
transaction     182:             111             112
transaction     183:             111             112
transaction     184:             111             112
transaction     185:             111             112
transaction     186:             111             112
transaction     187:             111             112
transaction     188:             111             112
transaction     189:             111             112
transaction     190:             111             112
transaction     191:             111             112
transaction     192:             111             112
transaction     193:             111             112
transaction     194:             111             112
transaction     195:             111             112
transaction     196:             111             112
transaction     197:             111             112
transaction     198:             111             112
transaction     199:             111             112
transaction     200:             111             112
transaction     201:             111             112
transaction     202:             111             112
transaction     203:             111             112
transaction     204:             111             112
transaction     205:             111             112
transaction     206:             111             112
transaction     207:             111             112
transaction     208:             111             112
transaction     209:             111             112
transaction     210:             111             112
transaction     211:             111             112
transaction     212:             111             112
transaction     213:             111             112
transaction     214:             111             112
transaction     215:             111             112
transaction     216:             111             112
transaction     217:             111             112
transaction     218:             111             112
transaction     219:             111             112
transaction     220:             111             112
transaction     221:             111             112
transaction     222:             111             112
transaction     223:             111             112
transaction     224:             111             112
transaction     225:             111             112
transaction     226:             111             112
transaction     227:             111             112
transaction     228:             111             112
transaction     229:             111             112
transaction     230:             111             112
transaction     231:             111             112
transaction     232:             111             112
transaction     233:             111             112
transaction     234:             111             112
transaction     235:             111             112
transaction     236:             111             112
transaction     237:             111             112
transaction     238:             111             112
transaction     239:             111             112
transaction     240:             111             112
transaction     241:             111             112
transaction     242:             111             112
transaction     243:             111             112
transaction     244:             111             112
transaction     245:             111             112
transaction     246:             111             112
transaction     247:             111             112
transaction     248:             111             112
transaction     249:             111             112
transaction     250:             111             112
transaction     251:             111             112
transaction     252:             111             112
transaction     253:             111             112
transaction     254:             111             112
transaction     255:             111             112
transaction     256:             111             112
transaction     257:             111             112
transaction     258:             111             112
transaction     259:             111             112
transaction     260:             111             112
transaction     261:             111             112
transaction     262:             111             112
transaction     263:             111             112
transaction     264:             111             112
transaction     265:             111             112
transaction     266:             111             112
transaction     267:             111             112
transaction     268:             111             112
transaction     269:             111             112
transaction     270:             111             112
transaction     271:             111             112
transaction     272:             111             112
transaction     273:             111             112
transaction     274:             111             112
transaction     275:             111             112
transaction     276:             111             112
transaction     277:             111             112
transaction     278:             111             112
transaction     279:             111             112
transaction     280:             111             112
transaction     281:             111             112
transaction     282:             111             112
transaction     283:             111             112
transaction     284:             111             112
transaction     285:             111             112
transaction     286:             111             112
transaction     287:             111             112
transaction     288:             111             112
transaction     289:             111             112
transaction     290:             111             112
transaction     291:             111             112
transaction     292:             111             112
transaction     293:             111             112
transaction     294:             111             112
transaction     295:             111             112
transaction     296:             111             112
transaction     297:             111             112
transaction     298:             111             112
transaction     299:             111             112
transaction     300:             111             112
transaction     301:             111             112
transaction     302:             111             112
transaction     303:             111             112
transaction     304:             111             112
transaction     305:             111             112
transaction     306:             111             112
transaction     307:             111             112
transaction     308:             111             112
transaction     309:             111             112
transaction     310:             111             112
transaction     311:             111             112
transaction     312:             111             112
transaction     313:             111             112
transaction     314:             111             112
transaction     315:             111             112
transaction     316:             111             112
transaction     317:             111             112
transaction     318:             111             112
transaction     319:             111             112
transaction     320:             111             112
transaction     321:             111             112
transaction     322:             111             112
transaction     323:             111             112
transaction     324:             111             112
transaction     325:             111             112
transaction     326:             111             112
transaction     327:             111             112
transaction     328:             111             112
transaction     329:             111             112
transaction     330:             111             112
transaction     331:             111             112
transaction     332:             111             112
transaction     333:             111             112
transaction     334:             111             112
transaction     335:             111             112
transaction     336:             111             112
transaction     337:             111             112
transaction     338:             111             112
transaction     339:             111             112
transaction     340:             111             112
transaction     341:             111             112
transaction     342:             111             112
transaction     343:             111             112
transaction     344:             111             112
transaction     345:             111             112
transaction     346:             111             112
transaction     347:             111             112
transaction     348:             111             112
transaction     349:             111             112
transaction     350:             111             112
transaction     351:             111             112
transaction     352:             111             112
transaction     353:             111             112
transaction     354:             111             112
transaction     355:             111             112
transaction     356:             111             112
transaction     357:             111             112
transaction     358:             111             112
transaction     359:             111             112
transaction     360:             111             112
transaction     361:             111             112
transaction     362:             111             112
transaction     363:             111             112
transaction     364:             111             112
transaction     365:             111             112
transaction     366:             111             112
transaction     367:             111             112
transaction     368:             111             112
transaction     369:             111             112
transaction     370:             111             112
transaction     371:             111             112
transaction     372:             111             112
transaction     373:             111             112
transaction     374:             111             112
transaction     375:             111             112
transaction     376:             111             112
transaction     377:             111             112
transaction     378:             111             112
transaction     379:             111             112
transaction     380:             111             112
transaction     381:             111             112
transaction     382:             111             112
transaction     383:             111             112
transaction     384:             111             112
transaction     385:             111             112
transaction     386:             111             112
transaction     387:             111             112
transaction     388:             111             112
transaction     389:             111             112
transaction     390:             111             112
transaction     391:             111             112
transaction     392:             111             112
transaction     393:             111             112
transaction     394:             111             112
transaction     395:             111             112
transaction     396:             111             112
transaction     397:             111             112
transaction     398:             111             112
transaction     399:             111             112
transaction     400:             111             112
transaction     401:             111             112
transaction     402:             111             112
transaction     403:             111             112
transaction     404:             111             112
transaction     405:             111             112
transaction     406:             111             112
transaction     407:             111             112
transaction     408:             111             112
transaction     409:             111             112
transaction     410:             111             112
transaction     411:             111             112
transaction     412:             111             112
transaction     413:             111             112
transaction     414:             111             112
transaction     415:             111             112
transaction     416:             111             112
transaction     417:             111             112
transaction     418:             111             112
transaction     419:             111             112
transaction     420:             111             112
transaction     421:             111             112
transaction     422:             111             112
transaction     423:             111             112
transaction     424:             111             112
transaction     425:             111             112
transaction     426:             111             112
transaction     427:             111             112
transaction     428:             111             112
transaction     429:             111             112
transaction     430:             111             112
transaction     431:             111             112
transaction     432:             111             112
transaction     433:             111             112
transaction     434:             111             112
transaction     435:             111             112
transaction     436:             111             112
transaction     437:             111             112
transaction     438:             111             112
transaction     439:             111             112
transaction     440:             111             112
transaction     441:             111             112
transaction     442:             111             112
transaction     443:             111             112
transaction     444:             111             112
transaction     445:             111             112
transaction     446:             111             112
transaction     447:             111             112
transaction     448:             111             112
transaction     449:             111             112
transaction     450:             111             112
transaction     451:             111             112
transaction     452:             111             112
transaction     453:             111             112
transaction     454:             111             112
transaction     455:             111             112
transaction     456:             111             112
transaction     457:             111             112
transaction     458:             111             112
transaction     459:             111             112
transaction     460:             111             112
transaction     461:             111             112
transaction     462:             111             112
transaction     463:             111             112
transaction     464:             111             112
transaction     465:             111             112
transaction     466:             111             112
transaction     467:             111             112
transaction     468:             111             112
transaction     469:             111             112
transaction     470:             111             112
transaction     471:             111             112
transaction     472:             111             112
transaction     473:             111             112
transaction     474:             111             112
transaction     475:             111             112
transaction     476:             111             112
transaction     477:             111             112
transaction     478:             111             112
transaction     479:             111             112
transaction     480:             111             112
transaction     481:             111             112
transaction     482:             111             112
transaction     483:             111             112
transaction     484:             111             112
transaction     485:             111             112
transaction     486:             111             112
transaction     487:             111             112
transaction     488:             111             112
transaction     489:             111             112
transaction     490:             111             112
transaction     491:             111             112
transaction     492:             111             112
transaction     493:             111             112
transaction     494:             111             112
transaction     495:             111             112
transaction     496:             111             112
transaction     497:             111             112
transaction     498:             111             112
transaction     499:             111             112
transaction     500:             111             112
transaction     501:             111             112
transaction     502:             111             112
transaction     503:             111             112
transaction     504:             111             112
transaction     505:             111             112
transaction     506:             111             112
transaction     507:             111             112
transaction     508:             111             112
transaction     509:             111             112
transaction     510:             111             112
transaction     511:             111             112
transaction     512:             111             112
transaction     513:             111             112
transaction     514:             111             112
transaction     515:             111             112
transaction     516:             111             112
transaction     517:             111             112
transaction     518:             111             112
transaction     519:             111             112
transaction     520:             111             112
transaction     521:             111             112
transaction     522:             111             112
transaction     523:             111             112
transaction     524:             111             112
transaction     525:             111             112
transaction     526:             111             112
transaction     527:             111             112
transaction     528:             111             112
transaction     529:             111             112
transaction     530:             111             112
transaction     531:             111             112
transaction     532:             111             112
transaction     533:             111             112
transaction     534:             111             112
transaction     535:             111             112
transaction     536:             111             112
transaction     537:             111             112
transaction     538:             111             112
transaction     539:             111             112
transaction     540:             111             112
transaction     541:             111             112
transaction     542:             111             112
transaction     543:             111             112
transaction     544:             111             112
transaction     545:             111             112
transaction     546:             111             112
transaction     547:             111             112
transaction     548:             111             112
transaction     549:             111             112
transaction     550:             111             112
transaction     551:             111             112
transaction     552:             111             112
transaction     553:             111             112
transaction     554:             111             112
transaction     555:             111             112
transaction     556:             111             112
transaction     557:             111             112
transaction     558:             111             112
transaction     559:             111             112
transaction     560:             111             112
transaction     561:             111             112
transaction     562:             111             112
transaction     563:             111             112
transaction     564:             111             112
transaction     565:             111             112
transaction     566:             111             112
transaction     567:             111             112
transaction     568:             111             112
transaction     569:             111             112
transaction     570:             111             112
transaction     571:             111             112
transaction     572:             111             112
transaction     573:             111             112
transaction     574:             111             112
transaction     575:             111             112
transaction     576:             111             112
transaction     577:             111             112
transaction     578:             111             112
transaction     579:             111             112
transaction     580:             111             112
transaction     581:             111             112
transaction     582:             111             112
transaction     583:             111             112
transaction     584:             111             112
transaction     585:             111             112
transaction     586:             111             112
transaction     587:             111             112
transaction     588:             111             112
transaction     589:             111             112
transaction     590:             111             112
transaction     591:             111             112
transaction     592:             111             112
transaction     593:             111             112
transaction     594:             111             112
transaction     595:             111             112
transaction     596:             111             112
transaction     597:             111             112
transaction     598:             111             112
transaction     599:             111               x
